<?xml version="1.0" encoding="UTF-8"?>
<!-- Generated by org.testng.reporters.JUnitReportReporter -->
<testsuite hostname="Janodya-lap" failures="0" tests="10" name="optiomaxAppTestCases.ProfileMenuTest" time="1.406" errors="0" timestamp="2024-05-13T16:49:33 IST" skipped="0">
  <testcase classname="optiomaxAppTestCases.ProfileMenuTest" name="testProfileImageFunctionality" time="0.105"/>
  <system-out/>
  <testcase classname="optiomaxAppTestCases.ProfileMenuTest" name="testAccessMyProfile" time="0.184"/>
  <system-out/>
  <testcase classname="optiomaxAppTestCases.ProfileMenuTest" name="testAccessAccountSettings" time="0.166"/>
  <system-out/>
  <testcase classname="optiomaxAppTestCases.ProfileMenuTest" name="testAccessMyLikes" time="0.146"/>
  <system-out/>
  <testcase classname="optiomaxAppTestCases.ProfileMenuTest" name="testAccessCollections" time="0.163"/>
  <system-out/>
  <testcase classname="optiomaxAppTestCases.ProfileMenuTest" name="testSignOut" time="0.176"/>
  <system-out/>
  <testcase classname="optiomaxAppTestCases.ProfileMenuTest" name="testAccessDropdownMenuWithoutUserInteraction" time="0.173"/>
  <system-out/>
  <testcase classname="optiomaxAppTestCases.ProfileMenuTest" name="testVisibilityOfUserNameAndEmail" time="0.117"/>
  <system-out/>
  <testcase classname="optiomaxAppTestCases.ProfileMenuTest" name="testSmoothOperationOfDropdownMenu" time="0.107"/>
  <system-out/>
  <testcase classname="optiomaxAppTestCases.ProfileMenuTest" name="testNonResponsivenessOfDropdownMenuOnClickingOutside" time="0.069"/>
  <system-out/>
</testsuite> <!-- optiomaxAppTestCases.ProfileMenuTest -->
