<?xml version="1.0" encoding="UTF-8"?>
<!-- Generated by org.testng.reporters.JUnitReportReporter -->
<testsuite hostname="Janodya-lap" failures="0" tests="7" name="optiomaxAppTestCases.AddNewUserRolesTest" time="19.232" errors="0" timestamp="2024-05-15T14:07:29 IST" skipped="0">
  <testcase classname="optiomaxAppTestCases.AddNewUserRolesTest" name="verifyAddNewUserRoleButton" time="0.213"/>
  <system-out/>
  <testcase classname="optiomaxAppTestCases.AddNewUserRolesTest" name="testAddNewUserRoleWithValidInputs" time="0.785"/>
  <system-out/>
  <testcase classname="optiomaxAppTestCases.AddNewUserRolesTest" name="testAddNewUserRoleWithInvalidInputs" time="0.636"/>
  <system-out/>
  <testcase classname="optiomaxAppTestCases.AddNewUserRolesTest" name="verifyErrorHandlingWithoutRequiredFields" time="3.371"/>
  <system-out/>
  <testcase classname="optiomaxAppTestCases.AddNewUserRolesTest" name="testAddNewUserRoleWithDuplicateRoleName" time="5.800"/>
  <system-out/>
  <testcase classname="optiomaxAppTestCases.AddNewUserRolesTest" name="verifyAddingRoleWithIdenticalData" time="4.277"/>
  <system-out/>
  <testcase classname="optiomaxAppTestCases.AddNewUserRolesTest" name="verifyAddingUserRoleWithSpecialCharacters" time="4.150"/>
  <system-out/>
</testsuite> <!-- optiomaxAppTestCases.AddNewUserRolesTest -->
