<?xml version="1.0" encoding="UTF-8"?>
<!-- Generated by org.testng.reporters.JUnitReportReporter -->
<testsuite hostname="Janodya-lap" failures="0" tests="4" name="optiomaxAppTestCases.ThemeToggleTest" time="49.082" errors="0" timestamp="2024-05-13T14:01:36 IST" skipped="0">
  <testcase classname="optiomaxAppTestCases.ThemeToggleTest" name="testSwitchToDarkMode" time="11.254"/>
  <system-out/>
  <testcase classname="optiomaxAppTestCases.ThemeToggleTest" name="testSwitchToLightMode" time="11.202"/>
  <system-out/>
  <testcase classname="optiomaxAppTestCases.ThemeToggleTest" name="testThemePersistenceAfterRefresh" time="23.453"/>
  <system-out/>
  <testcase classname="optiomaxAppTestCases.ThemeToggleTest" name="testSmoothTransitionBetweenModes" time="3.173"/>
  <system-out/>
</testsuite> <!-- optiomaxAppTestCases.ThemeToggleTest -->
