<?xml version="1.0" encoding="UTF-8"?>
<!-- Generated by org.testng.reporters.JUnitReportReporter -->
<testsuite hostname="Janodya-lap" failures="1" tests="15" name="optiomaxAppTestCases.AppsMenuTest" time="10.924" errors="0" timestamp="2024-05-13T16:51:50 IST" skipped="0">
  <testcase classname="optiomaxAppTestCases.AppsMenuTest" name="testMenuItemClickableAndHighlighted" time="0.047"/>
  <system-out/>
  <testcase classname="optiomaxAppTestCases.AppsMenuTest" name="testMenuItemsOrder" time="10.071">
    <failure message="Menu items are not ordered correctly: lists don&#039;t have the same size expected [9] but found [1]" type="java.lang.AssertionError">
      <![CDATA[java.lang.AssertionError: Menu items are not ordered correctly: lists don't have the same size expected [9] but found [1]
at org.testng.Assert.fail(Assert.java:99)
at org.testng.Assert.failNotEquals(Assert.java:1037)
at org.testng.Assert.assertEqualsImpl(Assert.java:140)
at org.testng.Assert.assertEquals(Assert.java:122)
at org.testng.Assert.assertEquals(Assert.java:907)
at org.testng.Assert.assertEquals(Assert.java:1089)
at optiomaxAppTestCases.AppsMenuTest.testMenuItemsOrder(AppsMenuTest.java:67)
at java.base/jdk.internal.reflect.NativeMethodAccessorImpl.invoke0(Native Method)
at java.base/jdk.internal.reflect.NativeMethodAccessorImpl.invoke(NativeMethodAccessorImpl.java:77)
at java.base/jdk.internal.reflect.DelegatingMethodAccessorImpl.invoke(DelegatingMethodAccessorImpl.java:43)
at java.base/java.lang.reflect.Method.invoke(Method.java:568)
at org.testng.internal.MethodInvocationHelper.invokeMethod(MethodInvocationHelper.java:133)
at org.testng.internal.TestInvoker.invokeMethod(TestInvoker.java:598)
at org.testng.internal.TestInvoker.invokeTestMethod(TestInvoker.java:173)
at org.testng.internal.MethodRunner.runInSequence(MethodRunner.java:46)
at org.testng.internal.TestInvoker$MethodInvocationAgent.invoke(TestInvoker.java:824)
at org.testng.internal.TestInvoker.invokeTestMethods(TestInvoker.java:146)
at org.testng.internal.TestMethodWorker.invokeTestMethods(TestMethodWorker.java:146)
at org.testng.internal.TestMethodWorker.run(TestMethodWorker.java:128)
at java.base/java.util.ArrayList.forEach(ArrayList.java:1511)
at org.testng.TestRunner.privateRun(TestRunner.java:794)
at org.testng.TestRunner.run(TestRunner.java:596)
at org.testng.SuiteRunner.runTest(SuiteRunner.java:377)
at org.testng.SuiteRunner.runSequentially(SuiteRunner.java:371)
at org.testng.SuiteRunner.privateRun(SuiteRunner.java:332)
at org.testng.SuiteRunner.run(SuiteRunner.java:276)
at org.testng.SuiteRunnerWorker.runSuite(SuiteRunnerWorker.java:53)
at org.testng.SuiteRunnerWorker.run(SuiteRunnerWorker.java:96)
at org.testng.TestNG.runSuitesSequentially(TestNG.java:1212)
at org.testng.TestNG.runSuitesLocally(TestNG.java:1134)
at org.testng.TestNG.runSuites(TestNG.java:1063)
at org.testng.TestNG.run(TestNG.java:1031)
at org.testng.remote.AbstractRemoteTestNG.run(AbstractRemoteTestNG.java:115)
at org.testng.remote.RemoteTestNG.initAndRun(RemoteTestNG.java:293)
at org.testng.remote.RemoteTestNG.main(RemoteTestNG.java:91)
]]>
    </failure>
  </testcase> <!-- testMenuItemsOrder -->
  <system-out/>
  <testcase classname="optiomaxAppTestCases.AppsMenuTest" name="testMenuItemsIcons" time="0.033"/>
  <system-out/>
  <testcase classname="optiomaxAppTestCases.AppsMenuTest" name="testSalesPageNavigation" time="0.024"/>
  <system-out/>
  <testcase classname="optiomaxAppTestCases.AppsMenuTest" name="testUsersPageNavigation" time="0.019"/>
  <system-out/>
  <testcase classname="optiomaxAppTestCases.AppsMenuTest" name="testIndoxPageNavigation" time="0.028"/>
  <system-out/>
  <testcase classname="optiomaxAppTestCases.AppsMenuTest" name="testProfilePageNavigation" time="0.032"/>
  <system-out/>
  <testcase classname="optiomaxAppTestCases.AppsMenuTest" name="testSettingsPageNavigation" time="0.031"/>
  <system-out/>
  <testcase classname="optiomaxAppTestCases.AppsMenuTest" name="testProductsPageNavigation" time="0.031"/>
  <system-out/>
  <testcase classname="optiomaxAppTestCases.AppsMenuTest" name="testPricingPageNavigation" time="0.029"/>
  <system-out/>
  <testcase classname="optiomaxAppTestCases.AppsMenuTest" name="testBillingPageNavigation" time="0.029"/>
  <system-out/>
  <testcase classname="optiomaxAppTestCases.AppsMenuTest" name="testLogoutPageNavigation" time="0.031"/>
  <system-out/>
  <testcase classname="optiomaxAppTestCases.AppsMenuTest" name="testUnauthorizedPageAccess" time="0.001"/>
  <system-out/>
  <testcase classname="optiomaxAppTestCases.AppsMenuTest" name="testMenuResponsiveness" time="0.438"/>
  <system-out/>
  <testcase classname="optiomaxAppTestCases.AppsMenuTest" name="testQuickMenuItemClicks" time="0.080"/>
  <system-out/>
</testsuite> <!-- optiomaxAppTestCases.AppsMenuTest -->
