<?xml version="1.0" encoding="UTF-8"?>
<!-- Generated by org.testng.reporters.JUnitReportReporter -->
<testsuite hostname="Janodya-lap" failures="0" tests="11" name="optiomaxAppTestCases.WidgetsDrawerTest" time="23.479" errors="0" timestamp="2024-05-14T12:58:37 IST" skipped="0">
  <testcase classname="optiomaxAppTestCases.WidgetsDrawerTest" name="verifyWidgetsDrawerIcon" time="0.185"/>
  <system-out/>
  <testcase classname="optiomaxAppTestCases.WidgetsDrawerTest" name="verifyWidgetsButtonFuctionality" time="0.095"/>
  <system-out/>
  <testcase classname="optiomaxAppTestCases.WidgetsDrawerTest" name="verifyNavigationToAnalyticsSection" time="3.919"/>
  <system-out/>
  <testcase classname="optiomaxAppTestCases.WidgetsDrawerTest" name="verifyNavigationToBillingsSection" time="1.021"/>
  <system-out/>
  <testcase classname="optiomaxAppTestCases.WidgetsDrawerTest" name="verifyNavigationToTenantSection" time="1.976"/>
  <system-out/>
  <testcase classname="optiomaxAppTestCases.WidgetsDrawerTest" name="verifySearchBarFunctionality" time="1.452"/>
  <system-out/>
  <testcase classname="optiomaxAppTestCases.WidgetsDrawerTest" name="verifySearchWithInvalidQuery" time="2.078"/>
  <system-out/>
  <testcase classname="optiomaxAppTestCases.WidgetsDrawerTest" name="verifySearchingWithinSpecificCategory" time="2.841"/>
  <system-out/>
  <testcase classname="optiomaxAppTestCases.WidgetsDrawerTest" name="verifySelectionOfNonExistentWidget" time="0.940"/>
  <system-out/>
  <testcase classname="optiomaxAppTestCases.WidgetsDrawerTest" name="verifyExcessiveSearchInput" time="1.500"/>
  <system-out/>
  <testcase classname="optiomaxAppTestCases.WidgetsDrawerTest" name="verifyWidgetFunctionalityAfterSelection" time="7.472"/>
  <system-out/>
</testsuite> <!-- optiomaxAppTestCases.WidgetsDrawerTest -->
